#! /usr/bin/vvp
:ivl_version "10.1 (stable)";
:ivl_delay_selection "TYPICAL";
:vpi_time_precision - 12;
:vpi_module "system";
:vpi_module "vhdl_sys";
:vpi_module "v2005_math";
:vpi_module "va_math";
S_0x555ed2d014c0 .scope module, "tb_opt_check4" "tb_opt_check4" 2 2;
 .timescale -9 -12;
v0x555ed2d21d40_0 .var "a", 0 0;
v0x555ed2d21e00_0 .var "b", 0 0;
v0x555ed2d21ed0_0 .var "c", 0 0;
v0x555ed2d21fd0_0 .net "y", 0 0, L_0x555ed2d223c0;  1 drivers
S_0x555ed2d01640 .scope module, "uut" "opt_check4" 2 9, 3 1 0, S_0x555ed2d014c0;
 .timescale 0 0;
    .port_info 0 /INPUT 1 "a"
    .port_info 1 /INPUT 1 "b"
    .port_info 2 /INPUT 1 "c"
    .port_info 3 /OUTPUT 1 "y"
L_0x555ed2d220a0 .functor AND 1, v0x555ed2d21d40_0, v0x555ed2d21ed0_0, C4<1>, C4<1>;
v0x555ed2d01880_0 .net *"_s0", 0 0, L_0x555ed2d220a0;  1 drivers
v0x555ed2d217c0_0 .net *"_s2", 0 0, L_0x555ed2d221e0;  1 drivers
v0x555ed2d218a0_0 .net *"_s5", 0 0, L_0x555ed2d22320;  1 drivers
v0x555ed2d21970_0 .net "a", 0 0, v0x555ed2d21d40_0;  1 drivers
v0x555ed2d21a30_0 .net "b", 0 0, v0x555ed2d21e00_0;  1 drivers
v0x555ed2d21b40_0 .net "c", 0 0, v0x555ed2d21ed0_0;  1 drivers
v0x555ed2d21c00_0 .net "y", 0 0, L_0x555ed2d223c0;  alias, 1 drivers
L_0x555ed2d221e0 .functor MUXZ 1, v0x555ed2d21ed0_0, L_0x555ed2d220a0, v0x555ed2d21e00_0, C4<>;
L_0x555ed2d22320 .reduce/nor v0x555ed2d21ed0_0;
L_0x555ed2d223c0 .functor MUXZ 1, L_0x555ed2d22320, L_0x555ed2d221e0, v0x555ed2d21d40_0, C4<>;
    .scope S_0x555ed2d014c0;
T_0 ;
    %vpi_call 2 17 "$dumpfile", "tb_opt_check4.vcd" {0 0 0};
    %vpi_call 2 18 "$dumpvars", 32'sb00000000000000000000000000000000, S_0x555ed2d014c0 {0 0 0};
    %pushi/vec4 0, 0, 1;
    %store/vec4 v0x555ed2d21d40_0, 0, 1;
    %pushi/vec4 0, 0, 1;
    %store/vec4 v0x555ed2d21e00_0, 0, 1;
    %pushi/vec4 0, 0, 1;
    %store/vec4 v0x555ed2d21ed0_0, 0, 1;
    %delay 300000, 0;
    %vpi_call 2 23 "$finish" {0 0 0};
    %end;
    .thread T_0;
    .scope S_0x555ed2d014c0;
T_1 ;
    %delay 10000, 0;
    %load/vec4 v0x555ed2d21d40_0;
    %inv;
    %store/vec4 v0x555ed2d21d40_0, 0, 1;
    %jmp T_1;
    .thread T_1;
    .scope S_0x555ed2d014c0;
T_2 ;
    %delay 55000, 0;
    %load/vec4 v0x555ed2d21e00_0;
    %inv;
    %store/vec4 v0x555ed2d21e00_0, 0, 1;
    %jmp T_2;
    .thread T_2;
    .scope S_0x555ed2d014c0;
T_3 ;
    %delay 75000, 0;
    %load/vec4 v0x555ed2d21ed0_0;
    %inv;
    %store/vec4 v0x555ed2d21ed0_0, 0, 1;
    %jmp T_3;
    .thread T_3;
# The file index is used to find the file name in the following table.
:file_names 4;
    "N/A";
    "<interactive>";
    "tb_opt_check4.v";
    "opt_check4.v";
