#! /usr/bin/vvp
:ivl_version "10.1 (stable)";
:ivl_delay_selection "TYPICAL";
:vpi_time_precision - 12;
:vpi_module "system";
:vpi_module "vhdl_sys";
:vpi_module "v2005_math";
:vpi_module "va_math";
S_0x55ba5b262c50 .scope module, "tb_dff_const5" "tb_dff_const5" 2 2;
 .timescale -9 -12;
v0x55ba5b2832f0_0 .var "clk", 0 0;
v0x55ba5b2833c0_0 .net "q", 0 0, v0x55ba5b283050_0;  1 drivers
v0x55ba5b283490_0 .var "reset", 0 0;
S_0x55ba5b262dd0 .scope module, "uut" "dff_const5" 2 9, 3 1 0, S_0x55ba5b262c50;
 .timescale 0 0;
    .port_info 0 /INPUT 1 "clk"
    .port_info 1 /INPUT 1 "reset"
    .port_info 2 /OUTPUT 1 "q"
v0x55ba5b262ff0_0 .net "clk", 0 0, v0x55ba5b2832f0_0;  1 drivers
v0x55ba5b283050_0 .var "q", 0 0;
v0x55ba5b283110_0 .var "q1", 0 0;
v0x55ba5b2831b0_0 .net "reset", 0 0, v0x55ba5b283490_0;  1 drivers
E_0x55ba5b2288a0 .event posedge, v0x55ba5b2831b0_0, v0x55ba5b262ff0_0;
    .scope S_0x55ba5b262dd0;
T_0 ;
    %wait E_0x55ba5b2288a0;
    %load/vec4 v0x55ba5b2831b0_0;
    %flag_set/vec4 8;
    %jmp/0xz  T_0.0, 8;
    %pushi/vec4 0, 0, 1;
    %assign/vec4 v0x55ba5b283050_0, 0;
    %pushi/vec4 0, 0, 1;
    %assign/vec4 v0x55ba5b283110_0, 0;
    %jmp T_0.1;
T_0.0 ;
    %pushi/vec4 1, 0, 1;
    %assign/vec4 v0x55ba5b283110_0, 0;
    %load/vec4 v0x55ba5b283110_0;
    %assign/vec4 v0x55ba5b283050_0, 0;
T_0.1 ;
    %jmp T_0;
    .thread T_0;
    .scope S_0x55ba5b262c50;
T_1 ;
    %vpi_call 2 16 "$dumpfile", "tb_dff_const5.vcd" {0 0 0};
    %vpi_call 2 17 "$dumpvars", 32'sb00000000000000000000000000000000, S_0x55ba5b262c50 {0 0 0};
    %pushi/vec4 0, 0, 1;
    %store/vec4 v0x55ba5b2832f0_0, 0, 1;
    %pushi/vec4 1, 0, 1;
    %store/vec4 v0x55ba5b283490_0, 0, 1;
    %delay 3000000, 0;
    %vpi_call 2 21 "$finish" {0 0 0};
    %end;
    .thread T_1;
    .scope S_0x55ba5b262c50;
T_2 ;
    %delay 10000, 0;
    %load/vec4 v0x55ba5b2832f0_0;
    %inv;
    %store/vec4 v0x55ba5b2832f0_0, 0, 1;
    %jmp T_2;
    .thread T_2;
    .scope S_0x55ba5b262c50;
T_3 ;
    %delay 1547000, 0;
    %load/vec4 v0x55ba5b283490_0;
    %inv;
    %store/vec4 v0x55ba5b283490_0, 0, 1;
    %jmp T_3;
    .thread T_3;
# The file index is used to find the file name in the following table.
:file_names 4;
    "N/A";
    "<interactive>";
    "tb_dff_const5.v";
    "dff_const5.v";
