#! /usr/bin/vvp
:ivl_version "10.1 (stable)";
:ivl_delay_selection "TYPICAL";
:vpi_time_precision - 12;
:vpi_module "system";
:vpi_module "vhdl_sys";
:vpi_module "v2005_math";
:vpi_module "va_math";
S_0x5594bda8bdb0 .scope module, "tb_good_mux" "tb_good_mux" 2 2;
 .timescale -9 -12;
v0x5594bdaac490_0 .var "i0", 0 0;
v0x5594bdaac550_0 .var "i1", 0 0;
v0x5594bdaac620_0 .var "sel", 0 0;
v0x5594bdaac720_0 .net "y", 0 0, v0x5594bdaac320_0;  1 drivers
S_0x5594bda8bf30 .scope module, "uut" "good_mux" 2 9, 3 1 0, S_0x5594bda8bdb0;
 .timescale 0 0;
    .port_info 0 /INPUT 1 "i0"
    .port_info 1 /INPUT 1 "i1"
    .port_info 2 /INPUT 1 "sel"
    .port_info 3 /OUTPUT 1 "y"
v0x5594bda8c170_0 .net "i0", 0 0, v0x5594bdaac490_0;  1 drivers
v0x5594bdaac190_0 .net "i1", 0 0, v0x5594bdaac550_0;  1 drivers
v0x5594bdaac250_0 .net "sel", 0 0, v0x5594bdaac620_0;  1 drivers
v0x5594bdaac320_0 .var "y", 0 0;
E_0x5594bda518a0 .event edge, v0x5594bdaac250_0, v0x5594bdaac190_0, v0x5594bda8c170_0;
    .scope S_0x5594bda8bf30;
T_0 ;
    %wait E_0x5594bda518a0;
    %load/vec4 v0x5594bdaac250_0;
    %flag_set/vec4 8;
    %jmp/0xz  T_0.0, 8;
    %load/vec4 v0x5594bdaac190_0;
    %assign/vec4 v0x5594bdaac320_0, 0;
    %jmp T_0.1;
T_0.0 ;
    %load/vec4 v0x5594bda8c170_0;
    %assign/vec4 v0x5594bdaac320_0, 0;
T_0.1 ;
    %jmp T_0;
    .thread T_0, $push;
    .scope S_0x5594bda8bdb0;
T_1 ;
    %vpi_call 2 18 "$dumpfile", "tb_good_mux.vcd" {0 0 0};
    %vpi_call 2 19 "$dumpvars", 32'sb00000000000000000000000000000000, S_0x5594bda8bdb0 {0 0 0};
    %pushi/vec4 0, 0, 1;
    %store/vec4 v0x5594bdaac620_0, 0, 1;
    %pushi/vec4 0, 0, 1;
    %store/vec4 v0x5594bdaac490_0, 0, 1;
    %pushi/vec4 0, 0, 1;
    %store/vec4 v0x5594bdaac550_0, 0, 1;
    %delay 300000, 0;
    %vpi_call 2 24 "$finish" {0 0 0};
    %end;
    .thread T_1;
    .scope S_0x5594bda8bdb0;
T_2 ;
    %delay 75000, 0;
    %load/vec4 v0x5594bdaac620_0;
    %inv;
    %store/vec4 v0x5594bdaac620_0, 0, 1;
    %jmp T_2;
    .thread T_2;
    .scope S_0x5594bda8bdb0;
T_3 ;
    %delay 10000, 0;
    %load/vec4 v0x5594bdaac490_0;
    %inv;
    %store/vec4 v0x5594bdaac490_0, 0, 1;
    %jmp T_3;
    .thread T_3;
    .scope S_0x5594bda8bdb0;
T_4 ;
    %delay 55000, 0;
    %load/vec4 v0x5594bdaac550_0;
    %inv;
    %store/vec4 v0x5594bdaac550_0, 0, 1;
    %jmp T_4;
    .thread T_4;
# The file index is used to find the file name in the following table.
:file_names 4;
    "N/A";
    "<interactive>";
    "tb_good_mux.v";
    "good_mux.v";
