#! /usr/bin/vvp
:ivl_version "10.1 (stable)";
:ivl_delay_selection "TYPICAL";
:vpi_time_precision - 12;
:vpi_module "system";
:vpi_module "vhdl_sys";
:vpi_module "v2005_math";
:vpi_module "va_math";
S_0x5610ad89c390 .scope module, "tb_multiple_modules" "tb_multiple_modules" 2 2;
 .timescale -9 -12;
v0x5610ad8bd140_0 .var "a", 0 0;
v0x5610ad8bd230_0 .var "b", 0 0;
v0x5610ad8bd340_0 .var "c", 0 0;
v0x5610ad8bd430_0 .net "y", 0 0, L_0x5610ad8bd590;  1 drivers
S_0x5610ad89c510 .scope module, "uut" "multiple_modules" 2 9, 3 17 0, S_0x5610ad89c390;
 .timescale 0 0;
    .port_info 0 /INPUT 1 "a"
    .port_info 1 /INPUT 1 "b"
    .port_info 2 /INPUT 1 "c"
    .port_info 3 /OUTPUT 1 "y"
v0x5610ad8bccc0_0 .net "a", 0 0, v0x5610ad8bd140_0;  1 drivers
v0x5610ad8bcd90_0 .net "b", 0 0, v0x5610ad8bd230_0;  1 drivers
v0x5610ad8bce60_0 .net "c", 0 0, v0x5610ad8bd340_0;  1 drivers
v0x5610ad8bcf60_0 .net "net1", 0 0, L_0x5610ad8bd520;  1 drivers
v0x5610ad8bd050_0 .net "y", 0 0, L_0x5610ad8bd590;  alias, 1 drivers
S_0x5610ad89c700 .scope module, "u1" "sub_module1" 3 24, 3 1 0, S_0x5610ad89c510;
 .timescale 0 0;
    .port_info 0 /INPUT 1 "a"
    .port_info 1 /INPUT 1 "b"
    .port_info 2 /OUTPUT 1 "y"
L_0x5610ad8bd520 .functor AND 1, v0x5610ad8bd140_0, v0x5610ad8bd230_0, C4<1>, C4<1>;
v0x5610ad89c920_0 .net "a", 0 0, v0x5610ad8bd140_0;  alias, 1 drivers
v0x5610ad8bc5e0_0 .net "b", 0 0, v0x5610ad8bd230_0;  alias, 1 drivers
v0x5610ad8bc6a0_0 .net "y", 0 0, L_0x5610ad8bd520;  alias, 1 drivers
S_0x5610ad8bc7c0 .scope module, "u2" "sub_module2" 3 25, 3 9 0, S_0x5610ad89c510;
 .timescale 0 0;
    .port_info 0 /INPUT 1 "a"
    .port_info 1 /INPUT 1 "b"
    .port_info 2 /OUTPUT 1 "y"
L_0x5610ad8bd590 .functor OR 1, L_0x5610ad8bd520, v0x5610ad8bd340_0, C4<0>, C4<0>;
v0x5610ad8bc9e0_0 .net "a", 0 0, L_0x5610ad8bd520;  alias, 1 drivers
v0x5610ad8bcad0_0 .net "b", 0 0, v0x5610ad8bd340_0;  alias, 1 drivers
v0x5610ad8bcb70_0 .net "y", 0 0, L_0x5610ad8bd590;  alias, 1 drivers
    .scope S_0x5610ad89c390;
T_0 ;
    %vpi_call 2 17 "$dumpfile", "tb_multiple_modules.vcd" {0 0 0};
    %vpi_call 2 18 "$dumpvars", 32'sb00000000000000000000000000000000, S_0x5610ad89c390 {0 0 0};
    %pushi/vec4 0, 0, 1;
    %store/vec4 v0x5610ad8bd140_0, 0, 1;
    %pushi/vec4 0, 0, 1;
    %store/vec4 v0x5610ad8bd230_0, 0, 1;
    %pushi/vec4 0, 0, 1;
    %store/vec4 v0x5610ad8bd340_0, 0, 1;
    %delay 300000, 0;
    %vpi_call 2 23 "$finish" {0 0 0};
    %end;
    .thread T_0;
    .scope S_0x5610ad89c390;
T_1 ;
    %delay 10000, 0;
    %load/vec4 v0x5610ad8bd140_0;
    %inv;
    %store/vec4 v0x5610ad8bd140_0, 0, 1;
    %jmp T_1;
    .thread T_1;
    .scope S_0x5610ad89c390;
T_2 ;
    %delay 55000, 0;
    %load/vec4 v0x5610ad8bd230_0;
    %inv;
    %store/vec4 v0x5610ad8bd230_0, 0, 1;
    %jmp T_2;
    .thread T_2;
    .scope S_0x5610ad89c390;
T_3 ;
    %delay 75000, 0;
    %load/vec4 v0x5610ad8bd340_0;
    %inv;
    %store/vec4 v0x5610ad8bd340_0, 0, 1;
    %jmp T_3;
    .thread T_3;
# The file index is used to find the file name in the following table.
:file_names 4;
    "N/A";
    "<interactive>";
    "tb_multiple_modules.v";
    "multiple_modules.v";
