#! /usr/bin/vvp
:ivl_version "10.1 (stable)";
:ivl_delay_selection "TYPICAL";
:vpi_time_precision - 12;
:vpi_module "system";
:vpi_module "vhdl_sys";
:vpi_module "v2005_math";
:vpi_module "va_math";
S_0x560a0026de30 .scope module, "tb_bad_mux" "tb_bad_mux" 2 2;
 .timescale -9 -12;
v0x560a0028e510_0 .var "i0", 0 0;
v0x560a0028e5d0_0 .var "i1", 0 0;
v0x560a0028e6a0_0 .var "sel", 0 0;
v0x560a0028e7a0_0 .net "y", 0 0, v0x560a0028e3a0_0;  1 drivers
S_0x560a0026dfb0 .scope module, "uut" "bad_mux" 2 9, 3 1 0, S_0x560a0026de30;
 .timescale 0 0;
    .port_info 0 /INPUT 1 "i0"
    .port_info 1 /INPUT 1 "i1"
    .port_info 2 /INPUT 1 "sel"
    .port_info 3 /OUTPUT 1 "y"
v0x560a0026e1f0_0 .net "i0", 0 0, v0x560a0028e510_0;  1 drivers
v0x560a0028e210_0 .net "i1", 0 0, v0x560a0028e5d0_0;  1 drivers
v0x560a0028e2d0_0 .net "sel", 0 0, v0x560a0028e6a0_0;  1 drivers
v0x560a0028e3a0_0 .var "y", 0 0;
E_0x560a002338a0 .event edge, v0x560a0028e2d0_0;
    .scope S_0x560a0026dfb0;
T_0 ;
    %wait E_0x560a002338a0;
    %load/vec4 v0x560a0028e2d0_0;
    %flag_set/vec4 8;
    %jmp/0xz  T_0.0, 8;
    %load/vec4 v0x560a0028e210_0;
    %assign/vec4 v0x560a0028e3a0_0, 0;
    %jmp T_0.1;
T_0.0 ;
    %load/vec4 v0x560a0026e1f0_0;
    %assign/vec4 v0x560a0028e3a0_0, 0;
T_0.1 ;
    %jmp T_0;
    .thread T_0, $push;
    .scope S_0x560a0026de30;
T_1 ;
    %vpi_call 2 17 "$dumpfile", "tb_bad_mux.vcd" {0 0 0};
    %vpi_call 2 18 "$dumpvars", 32'sb00000000000000000000000000000000, S_0x560a0026de30 {0 0 0};
    %pushi/vec4 0, 0, 1;
    %store/vec4 v0x560a0028e6a0_0, 0, 1;
    %pushi/vec4 0, 0, 1;
    %store/vec4 v0x560a0028e510_0, 0, 1;
    %pushi/vec4 0, 0, 1;
    %store/vec4 v0x560a0028e5d0_0, 0, 1;
    %delay 300000, 0;
    %vpi_call 2 23 "$finish" {0 0 0};
    %end;
    .thread T_1;
    .scope S_0x560a0026de30;
T_2 ;
    %delay 75000, 0;
    %load/vec4 v0x560a0028e6a0_0;
    %inv;
    %store/vec4 v0x560a0028e6a0_0, 0, 1;
    %jmp T_2;
    .thread T_2;
    .scope S_0x560a0026de30;
T_3 ;
    %delay 10000, 0;
    %load/vec4 v0x560a0028e510_0;
    %inv;
    %store/vec4 v0x560a0028e510_0, 0, 1;
    %jmp T_3;
    .thread T_3;
    .scope S_0x560a0026de30;
T_4 ;
    %delay 55000, 0;
    %load/vec4 v0x560a0028e5d0_0;
    %inv;
    %store/vec4 v0x560a0028e5d0_0, 0, 1;
    %jmp T_4;
    .thread T_4;
# The file index is used to find the file name in the following table.
:file_names 4;
    "N/A";
    "<interactive>";
    "tb_bad_mux.v";
    "bad_mux.v";
