#! /usr/bin/vvp
:ivl_version "10.1 (stable)";
:ivl_delay_selection "TYPICAL";
:vpi_time_precision - 12;
:vpi_module "system";
:vpi_module "vhdl_sys";
:vpi_module "v2005_math";
:vpi_module "va_math";
S_0x55e2ec06d100 .scope module, "tb_dff_async_set" "tb_dff_async_set" 2 2;
 .timescale -9 -12;
v0x55e2ec08d7e0_0 .var "async_set", 0 0;
v0x55e2ec08d8a0_0 .var "clk", 0 0;
v0x55e2ec08d970_0 .var "d", 0 0;
v0x55e2ec08da70_0 .net "q", 0 0, v0x55e2ec08d670_0;  1 drivers
S_0x55e2ec06d280 .scope module, "uut" "dff_async_set" 2 9, 3 1 0, S_0x55e2ec06d100;
 .timescale 0 0;
    .port_info 0 /INPUT 1 "clk"
    .port_info 1 /INPUT 1 "async_set"
    .port_info 2 /INPUT 1 "d"
    .port_info 3 /OUTPUT 1 "q"
v0x55e2ec06d4c0_0 .net "async_set", 0 0, v0x55e2ec08d7e0_0;  1 drivers
v0x55e2ec08d4e0_0 .net "clk", 0 0, v0x55e2ec08d8a0_0;  1 drivers
v0x55e2ec08d5a0_0 .net "d", 0 0, v0x55e2ec08d970_0;  1 drivers
v0x55e2ec08d670_0 .var "q", 0 0;
E_0x55e2ec032ae0 .event posedge, v0x55e2ec06d4c0_0, v0x55e2ec08d4e0_0;
    .scope S_0x55e2ec06d280;
T_0 ;
    %wait E_0x55e2ec032ae0;
    %load/vec4 v0x55e2ec06d4c0_0;
    %flag_set/vec4 8;
    %jmp/0xz  T_0.0, 8;
    %pushi/vec4 1, 0, 1;
    %assign/vec4 v0x55e2ec08d670_0, 0;
    %jmp T_0.1;
T_0.0 ;
    %load/vec4 v0x55e2ec08d5a0_0;
    %assign/vec4 v0x55e2ec08d670_0, 0;
T_0.1 ;
    %jmp T_0;
    .thread T_0;
    .scope S_0x55e2ec06d100;
T_1 ;
    %vpi_call 2 17 "$dumpfile", "tb_dff_async_set.vcd" {0 0 0};
    %vpi_call 2 18 "$dumpvars", 32'sb00000000000000000000000000000000, S_0x55e2ec06d100 {0 0 0};
    %pushi/vec4 0, 0, 1;
    %store/vec4 v0x55e2ec08d8a0_0, 0, 1;
    %pushi/vec4 1, 0, 1;
    %store/vec4 v0x55e2ec08d7e0_0, 0, 1;
    %pushi/vec4 0, 0, 1;
    %store/vec4 v0x55e2ec08d970_0, 0, 1;
    %delay 3000000, 0;
    %vpi_call 2 23 "$finish" {0 0 0};
    %end;
    .thread T_1;
    .scope S_0x55e2ec06d100;
T_2 ;
    %delay 10000, 0;
    %load/vec4 v0x55e2ec08d8a0_0;
    %inv;
    %store/vec4 v0x55e2ec08d8a0_0, 0, 1;
    %jmp T_2;
    .thread T_2;
    .scope S_0x55e2ec06d100;
T_3 ;
    %delay 23000, 0;
    %load/vec4 v0x55e2ec08d970_0;
    %inv;
    %store/vec4 v0x55e2ec08d970_0, 0, 1;
    %jmp T_3;
    .thread T_3;
    .scope S_0x55e2ec06d100;
T_4 ;
    %delay 547000, 0;
    %load/vec4 v0x55e2ec08d7e0_0;
    %inv;
    %store/vec4 v0x55e2ec08d7e0_0, 0, 1;
    %jmp T_4;
    .thread T_4;
# The file index is used to find the file name in the following table.
:file_names 4;
    "N/A";
    "<interactive>";
    "tb_dff_async_set.v";
    "dff_async_set.v";
