#! /usr/bin/vvp
:ivl_version "10.1 (stable)";
:ivl_delay_selection "TYPICAL";
:vpi_time_precision - 12;
:vpi_module "system";
:vpi_module "vhdl_sys";
:vpi_module "v2005_math";
:vpi_module "va_math";
S_0x564ffbcbd890 .scope module, "tb_good_counter" "tb_good_counter" 2 2;
 .timescale -9 -12;
v0x564ffbcde010_0 .var "clk", 0 0;
v0x564ffbcde0b0_0 .net "cnt", 1 0, v0x564ffbcddd00_0;  1 drivers
v0x564ffbcde180_0 .var "reset", 0 0;
S_0x564ffbcbda10 .scope module, "uut" "good_counter" 2 9, 3 1 0, S_0x564ffbcbd890;
 .timescale 0 0;
    .port_info 0 /INPUT 1 "clk"
    .port_info 1 /INPUT 1 "reset"
    .port_info 2 /OUTPUT 2 "cnt"
L_0x7fae7c9b8018 .functor BUFT 1, C4<10>, C4<0>, C4<0>, C4<0>;
v0x564ffbcbdbe0_0 .net/2u *"_s0", 1 0, L_0x7fae7c9b8018;  1 drivers
v0x564ffbcddc40_0 .net "clk", 0 0, v0x564ffbcde010_0;  1 drivers
v0x564ffbcddd00_0 .var "cnt", 1 0;
v0x564ffbcdddc0_0 .net "comp", 0 0, L_0x564ffbcde2b0;  1 drivers
v0x564ffbcdde80_0 .net "reset", 0 0, v0x564ffbcde180_0;  1 drivers
E_0x564ffbc828a0 .event posedge, v0x564ffbcdde80_0, v0x564ffbcddc40_0;
L_0x564ffbcde2b0 .cmp/eq 2, v0x564ffbcddd00_0, L_0x7fae7c9b8018;
    .scope S_0x564ffbcbda10;
T_0 ;
    %wait E_0x564ffbc828a0;
    %load/vec4 v0x564ffbcdde80_0;
    %flag_set/vec4 8;
    %jmp/0xz  T_0.0, 8;
    %pushi/vec4 0, 0, 2;
    %assign/vec4 v0x564ffbcddd00_0, 0;
    %jmp T_0.1;
T_0.0 ;
    %load/vec4 v0x564ffbcdddc0_0;
    %flag_set/vec4 8;
    %jmp/0xz  T_0.2, 8;
    %pushi/vec4 0, 0, 2;
    %assign/vec4 v0x564ffbcddd00_0, 0;
    %jmp T_0.3;
T_0.2 ;
    %load/vec4 v0x564ffbcddd00_0;
    %addi 1, 0, 2;
    %assign/vec4 v0x564ffbcddd00_0, 0;
T_0.3 ;
T_0.1 ;
    %jmp T_0;
    .thread T_0;
    .scope S_0x564ffbcbd890;
T_1 ;
    %vpi_call 2 16 "$dumpfile", "tb_good_counter.vcd" {0 0 0};
    %vpi_call 2 17 "$dumpvars", 32'sb00000000000000000000000000000000, S_0x564ffbcbd890 {0 0 0};
    %pushi/vec4 0, 0, 1;
    %store/vec4 v0x564ffbcde010_0, 0, 1;
    %pushi/vec4 1, 0, 1;
    %store/vec4 v0x564ffbcde180_0, 0, 1;
    %delay 3000000, 0;
    %vpi_call 2 21 "$finish" {0 0 0};
    %end;
    .thread T_1;
    .scope S_0x564ffbcbd890;
T_2 ;
    %delay 10000, 0;
    %load/vec4 v0x564ffbcde010_0;
    %inv;
    %store/vec4 v0x564ffbcde010_0, 0, 1;
    %jmp T_2;
    .thread T_2;
    .scope S_0x564ffbcbd890;
T_3 ;
    %delay 1547000, 0;
    %load/vec4 v0x564ffbcde180_0;
    %inv;
    %store/vec4 v0x564ffbcde180_0, 0, 1;
    %jmp T_3;
    .thread T_3;
# The file index is used to find the file name in the following table.
:file_names 4;
    "N/A";
    "<interactive>";
    "tb_good_counter.v";
    "good_counter.v";
