#! /usr/bin/vvp
:ivl_version "10.1 (stable)";
:ivl_delay_selection "TYPICAL";
:vpi_time_precision - 12;
:vpi_module "system";
:vpi_module "vhdl_sys";
:vpi_module "v2005_math";
:vpi_module "va_math";
S_0x560a41b07310 .scope module, "tb_counter_opt2" "tb_counter_opt2" 2 2;
 .timescale -9 -12;
v0x560a41b27a90_0 .var "clk", 0 0;
v0x560a41b27b30_0 .net "q", 0 0, L_0x560a41b27d30;  1 drivers
v0x560a41b27c00_0 .var "reset", 0 0;
S_0x560a41b07490 .scope module, "uut" "counter_opt2" 2 9, 3 1 0, S_0x560a41b07310;
 .timescale 0 0;
    .port_info 0 /INPUT 1 "clk"
    .port_info 1 /INPUT 1 "reset"
    .port_info 2 /OUTPUT 1 "q"
L_0x7ff4b27ee018 .functor BUFT 1, C4<100>, C4<0>, C4<0>, C4<0>;
v0x560a41b07660_0 .net/2u *"_s0", 2 0, L_0x7ff4b27ee018;  1 drivers
v0x560a41b276c0_0 .net "clk", 0 0, v0x560a41b27a90_0;  1 drivers
v0x560a41b27780_0 .var "count", 2 0;
v0x560a41b27840_0 .net "q", 0 0, L_0x560a41b27d30;  alias, 1 drivers
v0x560a41b27900_0 .net "reset", 0 0, v0x560a41b27c00_0;  1 drivers
E_0x560a41acc8a0 .event posedge, v0x560a41b27900_0, v0x560a41b276c0_0;
L_0x560a41b27d30 .cmp/eq 3, v0x560a41b27780_0, L_0x7ff4b27ee018;
    .scope S_0x560a41b07490;
T_0 ;
    %wait E_0x560a41acc8a0;
    %load/vec4 v0x560a41b27900_0;
    %flag_set/vec4 8;
    %jmp/0xz  T_0.0, 8;
    %pushi/vec4 0, 0, 3;
    %assign/vec4 v0x560a41b27780_0, 0;
    %jmp T_0.1;
T_0.0 ;
    %load/vec4 v0x560a41b27780_0;
    %addi 1, 0, 3;
    %assign/vec4 v0x560a41b27780_0, 0;
T_0.1 ;
    %jmp T_0;
    .thread T_0;
    .scope S_0x560a41b07310;
T_1 ;
    %vpi_call 2 16 "$dumpfile", "tb_counter_opt2.vcd" {0 0 0};
    %vpi_call 2 17 "$dumpvars", 32'sb00000000000000000000000000000000, S_0x560a41b07310 {0 0 0};
    %pushi/vec4 0, 0, 1;
    %store/vec4 v0x560a41b27a90_0, 0, 1;
    %pushi/vec4 1, 0, 1;
    %store/vec4 v0x560a41b27c00_0, 0, 1;
    %delay 3000000, 0;
    %vpi_call 2 21 "$finish" {0 0 0};
    %end;
    .thread T_1;
    .scope S_0x560a41b07310;
T_2 ;
    %delay 10000, 0;
    %load/vec4 v0x560a41b27a90_0;
    %inv;
    %store/vec4 v0x560a41b27a90_0, 0, 1;
    %jmp T_2;
    .thread T_2;
    .scope S_0x560a41b07310;
T_3 ;
    %delay 1547000, 0;
    %load/vec4 v0x560a41b27c00_0;
    %inv;
    %store/vec4 v0x560a41b27c00_0, 0, 1;
    %jmp T_3;
    .thread T_3;
# The file index is used to find the file name in the following table.
:file_names 4;
    "N/A";
    "<interactive>";
    "tb_counter_opt2.v";
    "counter_opt2.v";
